<?xml version="1.0" encoding="UTF-8"?>
<!-- Generated by org.testng.reporters.JUnitReportReporter -->
<testsuite hostname="HP" failures="0" tests="1" name="org.test.Testmain" time="0.006" errors="0" timestamp="29 Apr 2024 07:23:56 GMT" skipped="0">
  <testcase classname="org.test.Testmain" name="test1" time="0.006"/>
</testsuite> <!-- org.test.Testmain -->
